<?xml version="1.0" encoding="UTF-8"?>
<!-- Generated by org.testng.reporters.JUnitReportReporter -->
<testsuite hostname="MOMDAD" failures="0" tests="10" name="runner.TestRunner" time="128.303" errors="0" timestamp="2023-03-27T13:05:40 IST" skipped="0">
  <testcase classname="runner.TestRunner" name="runScenario" time="13.200"/>
  <system-out/>
  <testcase classname="runner.TestRunner" name="runScenario" time="9.392"/>
  <system-out/>
  <testcase classname="runner.TestRunner" name="runScenario" time="62.001"/>
  <system-out/>
  <testcase classname="runner.TestRunner" name="runScenario" time="16.903"/>
  <system-out/>
  <testcase classname="runner.TestRunner" name="runScenario" time="1.281"/>
  <system-out/>
  <testcase classname="runner.TestRunner" name="runScenario" time="1.007"/>
  <system-out/>
  <testcase classname="runner.TestRunner" name="runScenario" time="9.106"/>
  <system-out/>
  <testcase classname="runner.TestRunner" name="runScenario" time="9.056"/>
  <system-out/>
  <testcase classname="runner.TestRunner" name="runScenario" time="1.287"/>
  <system-out/>
  <testcase classname="runner.TestRunner" name="runScenario" time="5.070"/>
  <system-out/>
</testsuite> <!-- runner.TestRunner -->
