<?xml version="1.0" encoding="UTF-8"?>
<!-- Generated by org.testng.reporters.JUnitReportReporter -->
<testsuite hostname="MOMDAD" failures="0" tests="10" name="runner.TestRunner" time="120.635" errors="0" timestamp="2023-03-28T12:31:21 IST" skipped="0">
  <testcase classname="runner.TestRunner" name="runScenario" time="14.408"/>
  <system-out/>
  <testcase classname="runner.TestRunner" name="runScenario" time="61.400"/>
  <system-out/>
  <testcase classname="runner.TestRunner" name="runScenario" time="12.516"/>
  <system-out/>
  <testcase classname="runner.TestRunner" name="runScenario" time="7.481"/>
  <system-out/>
  <testcase classname="runner.TestRunner" name="runScenario" time="1.095"/>
  <system-out/>
  <testcase classname="runner.TestRunner" name="runScenario" time="3.971"/>
  <system-out/>
  <testcase classname="runner.TestRunner" name="runScenario" time="0.747"/>
  <system-out/>
  <testcase classname="runner.TestRunner" name="runScenario" time="7.410"/>
  <system-out/>
  <testcase classname="runner.TestRunner" name="runScenario" time="10.858"/>
  <system-out/>
  <testcase classname="runner.TestRunner" name="runScenario" time="0.749"/>
  <system-out/>
</testsuite> <!-- runner.TestRunner -->
