<?xml version="1.0" encoding="UTF-8"?>
<!-- Generated by org.testng.reporters.JUnitReportReporter -->
<testsuite hostname="MOMDAD" failures="0" tests="10" name="runner.TestRunner" time="129.982" errors="0" timestamp="2023-03-27T17:42:15 IST" skipped="0">
  <testcase classname="runner.TestRunner" name="runScenario" time="13.195"/>
  <system-out/>
  <testcase classname="runner.TestRunner" name="runScenario" time="1.341"/>
  <system-out/>
  <testcase classname="runner.TestRunner" name="runScenario" time="1.113"/>
  <system-out/>
  <testcase classname="runner.TestRunner" name="runScenario" time="61.969"/>
  <system-out/>
  <testcase classname="runner.TestRunner" name="runScenario" time="9.476"/>
  <system-out/>
  <testcase classname="runner.TestRunner" name="runScenario" time="8.871"/>
  <system-out/>
  <testcase classname="runner.TestRunner" name="runScenario" time="5.470"/>
  <system-out/>
  <testcase classname="runner.TestRunner" name="runScenario" time="10.535"/>
  <system-out/>
  <testcase classname="runner.TestRunner" name="runScenario" time="1.112"/>
  <system-out/>
  <testcase classname="runner.TestRunner" name="runScenario" time="16.900"/>
  <system-out/>
</testsuite> <!-- runner.TestRunner -->
