<?xml version="1.0" encoding="UTF-8"?>
<!-- Generated by org.testng.reporters.JUnitReportReporter -->
<testsuite hostname="MOMDAD" failures="0" tests="10" name="runner.TestRunner" time="132.150" errors="0" timestamp="2023-03-27T13:23:23 IST" skipped="0">
  <testcase classname="runner.TestRunner" name="runScenario" time="1.455"/>
  <system-out/>
  <testcase classname="runner.TestRunner" name="runScenario" time="9.461"/>
  <system-out/>
  <testcase classname="runner.TestRunner" name="runScenario" time="9.403"/>
  <system-out/>
  <testcase classname="runner.TestRunner" name="runScenario" time="62.100"/>
  <system-out/>
  <testcase classname="runner.TestRunner" name="runScenario" time="5.135"/>
  <system-out/>
  <testcase classname="runner.TestRunner" name="runScenario" time="1.038"/>
  <system-out/>
  <testcase classname="runner.TestRunner" name="runScenario" time="8.842"/>
  <system-out/>
  <testcase classname="runner.TestRunner" name="runScenario" time="16.470"/>
  <system-out/>
  <testcase classname="runner.TestRunner" name="runScenario" time="1.215"/>
  <system-out/>
  <testcase classname="runner.TestRunner" name="runScenario" time="17.031"/>
  <system-out/>
</testsuite> <!-- runner.TestRunner -->
